0 info it worked if it ends with ok
1 verbose cli [ 'C:\\Program Files\\nodejs\\node.exe',
1 verbose cli   'C:\\Program Files\\nodejs\\node_modules\\npm\\bin\\npm-cli.js',
1 verbose cli   'i',
1 verbose cli   '--save',
1 verbose cli   'angular-google-maps' ]
2 info using npm@3.10.10
3 info using node@v6.11.4
4 silly loadCurrentTree Starting
5 silly install loadCurrentTree
6 silly install readLocalPackageData
7 silly fetchPackageMetaData angular-google-maps
8 silly fetchNamedPackageData angular-google-maps
9 silly mapToRegistry name angular-google-maps
10 silly mapToRegistry using default registry
11 silly mapToRegistry registry https://registry.npmjs.org/
12 silly mapToRegistry data Result {
12 silly mapToRegistry   raw: 'angular-google-maps',
12 silly mapToRegistry   scope: null,
12 silly mapToRegistry   escapedName: 'angular-google-maps',
12 silly mapToRegistry   name: 'angular-google-maps',
12 silly mapToRegistry   rawSpec: '',
12 silly mapToRegistry   spec: 'latest',
12 silly mapToRegistry   type: 'tag' }
13 silly mapToRegistry uri https://registry.npmjs.org/angular-google-maps
14 verbose request uri https://registry.npmjs.org/angular-google-maps
15 verbose request no auth needed
16 info attempt registry request try #1 at 10:12:11 AM
17 verbose request id 93c005b9a2fc513e
18 verbose etag W/"586e5eb5-ecac"
19 verbose lastModified Thu, 05 Jan 2017 14:56:53 GMT
20 http request GET https://registry.npmjs.org/angular-google-maps
21 http 304 https://registry.npmjs.org/angular-google-maps
22 verbose headers { date: 'Mon, 23 Oct 2017 15:12:05 GMT',
22 verbose headers   via: '1.1 varnish',
22 verbose headers   'cache-control': 'max-age=300',
22 verbose headers   etag: 'W/"586e5eb5-ecac"',
22 verbose headers   age: '0',
22 verbose headers   connection: 'keep-alive',
22 verbose headers   'x-served-by': 'cache-dfw18626-DFW',
22 verbose headers   'x-cache': 'HIT',
22 verbose headers   'x-cache-hits': '1',
22 verbose headers   'x-timer': 'S1508771525.228085,VS0,VE84',
22 verbose headers   vary: 'Accept-Encoding, Accept' }
23 silly get cb [ 304,
23 silly get   { date: 'Mon, 23 Oct 2017 15:12:05 GMT',
23 silly get     via: '1.1 varnish',
23 silly get     'cache-control': 'max-age=300',
23 silly get     etag: 'W/"586e5eb5-ecac"',
23 silly get     age: '0',
23 silly get     connection: 'keep-alive',
23 silly get     'x-served-by': 'cache-dfw18626-DFW',
23 silly get     'x-cache': 'HIT',
23 silly get     'x-cache-hits': '1',
23 silly get     'x-timer': 'S1508771525.228085,VS0,VE84',
23 silly get     vary: 'Accept-Encoding, Accept' } ]
24 verbose etag https://registry.npmjs.org/angular-google-maps from cache
25 verbose get saving angular-google-maps to C:\Users\Sean\AppData\Roaming\npm-cache\registry.npmjs.org\angular-google-maps\.cache.json
26 verbose correctMkdir C:\Users\Sean\AppData\Roaming\npm-cache correctMkdir not in flight; initializing
27 silly install normalizeTree
28 silly loadCurrentTree Finishing
29 silly loadIdealTree Starting
30 silly install loadIdealTree
31 silly cloneCurrentTree Starting
32 silly install cloneCurrentTreeToIdealTree
33 silly cloneCurrentTree Finishing
34 silly loadShrinkwrap Starting
35 silly install loadShrinkwrap
36 silly loadShrinkwrap Finishing
37 silly loadAllDepsIntoIdealTree Starting
38 silly install loadAllDepsIntoIdealTree
39 silly resolveWithNewModule angular-google-maps@2.4.1 checking installable status
40 silly cache add args [ 'angular-google-maps', null ]
41 verbose cache add spec angular-google-maps
42 silly cache add parsed spec Result {
42 silly cache add   raw: 'angular-google-maps',
42 silly cache add   scope: null,
42 silly cache add   escapedName: 'angular-google-maps',
42 silly cache add   name: 'angular-google-maps',
42 silly cache add   rawSpec: '',
42 silly cache add   spec: 'latest',
42 silly cache add   type: 'tag' }
43 silly addNamed angular-google-maps@latest
44 verbose addNamed "latest" is being treated as a dist-tag for angular-google-maps
45 info addNameTag [ 'angular-google-maps', 'latest' ]
46 silly mapToRegistry name angular-google-maps
47 silly mapToRegistry using default registry
48 silly mapToRegistry registry https://registry.npmjs.org/
49 silly mapToRegistry data Result {
49 silly mapToRegistry   raw: 'angular-google-maps',
49 silly mapToRegistry   scope: null,
49 silly mapToRegistry   escapedName: 'angular-google-maps',
49 silly mapToRegistry   name: 'angular-google-maps',
49 silly mapToRegistry   rawSpec: '',
49 silly mapToRegistry   spec: 'latest',
49 silly mapToRegistry   type: 'tag' }
50 silly mapToRegistry uri https://registry.npmjs.org/angular-google-maps
51 verbose addNameTag registry:https://registry.npmjs.org/angular-google-maps not in flight; fetching
52 verbose get https://registry.npmjs.org/angular-google-maps not expired, no request
53 silly addNameTag next cb for angular-google-maps with tag latest
54 silly addNamed angular-google-maps@2.4.1
55 verbose addNamed "2.4.1" is a plain semver version for angular-google-maps
56 silly cache afterAdd angular-google-maps@2.4.1
57 verbose afterAdd C:\Users\Sean\AppData\Roaming\npm-cache\angular-google-maps\2.4.1\package\package.json not in flight; writing
58 verbose correctMkdir C:\Users\Sean\AppData\Roaming\npm-cache correctMkdir not in flight; initializing
59 verbose afterAdd C:\Users\Sean\AppData\Roaming\npm-cache\angular-google-maps\2.4.1\package\package.json written
60 silly fetchNamedPackageData angular-simple-logger
61 silly mapToRegistry name angular-simple-logger
62 silly mapToRegistry using default registry
63 silly mapToRegistry registry https://registry.npmjs.org/
64 silly mapToRegistry data Result {
64 silly mapToRegistry   raw: 'angular-simple-logger',
64 silly mapToRegistry   scope: null,
64 silly mapToRegistry   escapedName: 'angular-simple-logger',
64 silly mapToRegistry   name: 'angular-simple-logger',
64 silly mapToRegistry   rawSpec: '',
64 silly mapToRegistry   spec: 'latest',
64 silly mapToRegistry   type: 'tag' }
65 silly mapToRegistry uri https://registry.npmjs.org/angular-simple-logger
66 silly fetchNamedPackageData google-maps-utility-library-v3-infobox
67 silly mapToRegistry name google-maps-utility-library-v3-infobox
68 silly mapToRegistry using default registry
69 silly mapToRegistry registry https://registry.npmjs.org/
70 silly mapToRegistry data Result {
70 silly mapToRegistry   raw: 'google-maps-utility-library-v3-infobox',
70 silly mapToRegistry   scope: null,
70 silly mapToRegistry   escapedName: 'google-maps-utility-library-v3-infobox',
70 silly mapToRegistry   name: 'google-maps-utility-library-v3-infobox',
70 silly mapToRegistry   rawSpec: '',
70 silly mapToRegistry   spec: 'latest',
70 silly mapToRegistry   type: 'tag' }
71 silly mapToRegistry uri https://registry.npmjs.org/google-maps-utility-library-v3-infobox
72 silly fetchNamedPackageData google-maps-utility-library-v3-keydragzoom
73 silly mapToRegistry name google-maps-utility-library-v3-keydragzoom
74 silly mapToRegistry using default registry
75 silly mapToRegistry registry https://registry.npmjs.org/
76 silly mapToRegistry data Result {
76 silly mapToRegistry   raw: 'google-maps-utility-library-v3-keydragzoom',
76 silly mapToRegistry   scope: null,
76 silly mapToRegistry   escapedName: 'google-maps-utility-library-v3-keydragzoom',
76 silly mapToRegistry   name: 'google-maps-utility-library-v3-keydragzoom',
76 silly mapToRegistry   rawSpec: '',
76 silly mapToRegistry   spec: 'latest',
76 silly mapToRegistry   type: 'tag' }
77 silly mapToRegistry uri https://registry.npmjs.org/google-maps-utility-library-v3-keydragzoom
78 silly fetchNamedPackageData markerclustererplus
79 silly mapToRegistry name markerclustererplus
80 silly mapToRegistry using default registry
81 silly mapToRegistry registry https://registry.npmjs.org/
82 silly mapToRegistry data Result {
82 silly mapToRegistry   raw: 'markerclustererplus',
82 silly mapToRegistry   scope: null,
82 silly mapToRegistry   escapedName: 'markerclustererplus',
82 silly mapToRegistry   name: 'markerclustererplus',
82 silly mapToRegistry   rawSpec: '',
82 silly mapToRegistry   spec: 'latest',
82 silly mapToRegistry   type: 'tag' }
83 silly mapToRegistry uri https://registry.npmjs.org/markerclustererplus
84 silly fetchOtherPackageData google-maps-utility-library-v3-markerwithlabel@git://github.com/nmccready/google-maps-utility-library-v3-markerwithlabel.git
85 silly cache add args [ 'google-maps-utility-library-v3-markerwithlabel@git://github.com/nmccready/google-maps-utility-library-v3-markerwithlabel.git',
85 silly cache add   null ]
86 verbose cache add spec google-maps-utility-library-v3-markerwithlabel@git://github.com/nmccready/google-maps-utility-library-v3-markerwithlabel.git
87 silly fetchOtherPackageData js-rich-marker@git://github.com/MikaFima/js-rich-marker.git#0383f4bbdad4ddf154772fedbdd27e464600e943
88 silly cache add args [ 'js-rich-marker@git://github.com/MikaFima/js-rich-marker.git#0383f4bbdad4ddf154772fedbdd27e464600e943',
88 silly cache add   null ]
89 verbose cache add spec js-rich-marker@git://github.com/MikaFima/js-rich-marker.git#0383f4bbdad4ddf154772fedbdd27e464600e943
90 silly cache add parsed spec Result {
90 silly cache add   raw: 'google-maps-utility-library-v3-markerwithlabel@git://github.com/nmccready/google-maps-utility-library-v3-markerwithlabel.git',
90 silly cache add   scope: null,
90 silly cache add   escapedName: 'google-maps-utility-library-v3-markerwithlabel',
90 silly cache add   name: 'google-maps-utility-library-v3-markerwithlabel',
90 silly cache add   rawSpec: 'git://github.com/nmccready/google-maps-utility-library-v3-markerwithlabel.git',
90 silly cache add   spec: 'git://github.com/nmccready/google-maps-utility-library-v3-markerwithlabel.git',
90 silly cache add   type: 'hosted',
90 silly cache add   hosted:
90 silly cache add    { type: 'github',
90 silly cache add      ssh: 'git@github.com:nmccready/google-maps-utility-library-v3-markerwithlabel.git',
90 silly cache add      sshUrl: 'git+ssh://git@github.com/nmccready/google-maps-utility-library-v3-markerwithlabel.git',
90 silly cache add      httpsUrl: 'git+https://github.com/nmccready/google-maps-utility-library-v3-markerwithlabel.git',
90 silly cache add      gitUrl: 'git://github.com/nmccready/google-maps-utility-library-v3-markerwithlabel.git',
90 silly cache add      shortcut: 'github:nmccready/google-maps-utility-library-v3-markerwithlabel',
90 silly cache add      directUrl: 'https://raw.githubusercontent.com/nmccready/google-maps-utility-library-v3-markerwithlabel/master/package.json' } }
91 verbose addRemoteGit caching git://github.com/nmccready/google-maps-utility-library-v3-markerwithlabel.git
92 verbose addRemoteGit git://github.com/nmccready/google-maps-utility-library-v3-markerwithlabel.git is a repository hosted by github
93 silly tryClone cloning git://github.com/nmccready/google-maps-utility-library-v3-markerwithlabel.git via git://github.com/nmccready/google-maps-utility-library-v3-markerwithlabel.git
94 verbose tryClone git-github-com-nmccready-google-maps-utility-library-v3-markerwithlabel-git-535ad55b not in flight; caching
95 verbose correctMkdir C:\Users\Sean\AppData\Roaming\npm-cache\_git-remotes correctMkdir not in flight; initializing
96 silly cache add parsed spec Result {
96 silly cache add   raw: 'js-rich-marker@git://github.com/MikaFima/js-rich-marker.git#0383f4bbdad4ddf154772fedbdd27e464600e943',
96 silly cache add   scope: null,
96 silly cache add   escapedName: 'js-rich-marker',
96 silly cache add   name: 'js-rich-marker',
96 silly cache add   rawSpec: 'git://github.com/MikaFima/js-rich-marker.git#0383f4bbdad4ddf154772fedbdd27e464600e943',
96 silly cache add   spec: 'git://github.com/MikaFima/js-rich-marker.git#0383f4bbdad4ddf154772fedbdd27e464600e943',
96 silly cache add   type: 'hosted',
96 silly cache add   hosted:
96 silly cache add    { type: 'github',
96 silly cache add      ssh: 'git@github.com:MikaFima/js-rich-marker.git#0383f4bbdad4ddf154772fedbdd27e464600e943',
96 silly cache add      sshUrl: 'git+ssh://git@github.com/MikaFima/js-rich-marker.git#0383f4bbdad4ddf154772fedbdd27e464600e943',
96 silly cache add      httpsUrl: 'git+https://github.com/MikaFima/js-rich-marker.git#0383f4bbdad4ddf154772fedbdd27e464600e943',
96 silly cache add      gitUrl: 'git://github.com/MikaFima/js-rich-marker.git#0383f4bbdad4ddf154772fedbdd27e464600e943',
96 silly cache add      shortcut: 'github:MikaFima/js-rich-marker#0383f4bbdad4ddf154772fedbdd27e464600e943',
96 silly cache add      directUrl: 'https://raw.githubusercontent.com/MikaFima/js-rich-marker/0383f4bbdad4ddf154772fedbdd27e464600e943/package.json' } }
97 verbose addRemoteGit caching git://github.com/MikaFima/js-rich-marker.git#0383f4bbdad4ddf154772fedbdd27e464600e943
98 verbose addRemoteGit git://github.com/MikaFima/js-rich-marker.git#0383f4bbdad4ddf154772fedbdd27e464600e943 is a repository hosted by github
99 silly tryClone cloning git://github.com/MikaFima/js-rich-marker.git#0383f4bbdad4ddf154772fedbdd27e464600e943 via git://github.com/MikaFima/js-rich-marker.git#0383f4bbdad4ddf154772fedbdd27e464600e943
100 verbose tryClone git-github-com-MikaFima-js-rich-marker-git-0383f4bbdad4ddf154772fedbdd27e464600e943-e7abb722 not in flight; caching
101 verbose correctMkdir C:\Users\Sean\AppData\Roaming\npm-cache\_git-remotes correctMkdir already in flight; waiting
102 verbose request uri https://registry.npmjs.org/angular-simple-logger
103 verbose request no auth needed
104 info attempt registry request try #1 at 10:12:12 AM
105 verbose etag W/"58e7a5df-76d5"
106 verbose lastModified Fri, 07 Apr 2017 14:44:47 GMT
107 http request GET https://registry.npmjs.org/angular-simple-logger
108 verbose request uri https://registry.npmjs.org/google-maps-utility-library-v3-infobox
109 verbose request no auth needed
110 info attempt registry request try #1 at 10:12:12 AM
111 verbose etag W/"592b16b4-1777"
112 verbose lastModified Sun, 28 May 2017 18:28:04 GMT
113 http request GET https://registry.npmjs.org/google-maps-utility-library-v3-infobox
114 verbose request uri https://registry.npmjs.org/google-maps-utility-library-v3-keydragzoom
115 verbose request no auth needed
116 info attempt registry request try #1 at 10:12:12 AM
117 verbose etag W/"573616be-f7b"
118 verbose lastModified Fri, 13 May 2016 18:02:38 GMT
119 http request GET https://registry.npmjs.org/google-maps-utility-library-v3-keydragzoom
120 verbose request uri https://registry.npmjs.org/markerclustererplus
121 verbose request no auth needed
122 info attempt registry request try #1 at 10:12:12 AM
123 verbose etag W/"551c1041-1757"
124 verbose lastModified Wed, 01 Apr 2015 15:35:29 GMT
125 http request GET https://registry.npmjs.org/markerclustererplus
126 info git [ 'config', '--get', 'remote.origin.url' ]
127 info git [ 'config', '--get', 'remote.origin.url' ]
128 silly validateExistingRemote git://github.com/MikaFima/js-rich-marker.git#0383f4bbdad4ddf154772fedbdd27e464600e943 remote.origin.url: git://github.com/MikaFima/js-rich-marker.git
129 verbose validateExistingRemote git://github.com/MikaFima/js-rich-marker.git#0383f4bbdad4ddf154772fedbdd27e464600e943 is updating existing cached remote C:\Users\Sean\AppData\Roaming\npm-cache\_git-remotes\git-github-com-MikaFima-js-rich-marker-git-0383f4bbdad4ddf154772fedbdd27e464600e943-e7abb722
130 silly validateExistingRemote git://github.com/nmccready/google-maps-utility-library-v3-markerwithlabel.git remote.origin.url: git://github.com/nmccready/google-maps-utility-library-v3-markerwithlabel.git
131 verbose validateExistingRemote git://github.com/nmccready/google-maps-utility-library-v3-markerwithlabel.git is updating existing cached remote C:\Users\Sean\AppData\Roaming\npm-cache\_git-remotes\git-github-com-nmccready-google-maps-utility-library-v3-markerwithlabel-git-535ad55b
132 info git [ 'fetch', '-a', 'origin' ]
133 info git [ 'fetch', '-a', 'origin' ]
134 http 304 https://registry.npmjs.org/angular-simple-logger
135 verbose headers { date: 'Mon, 23 Oct 2017 15:12:05 GMT',
135 verbose headers   via: '1.1 varnish',
135 verbose headers   'cache-control': 'max-age=300',
135 verbose headers   etag: 'W/"58e7a5df-76d5"',
135 verbose headers   age: '0',
135 verbose headers   connection: 'keep-alive',
135 verbose headers   'x-served-by': 'cache-dfw18626-DFW',
135 verbose headers   'x-cache': 'HIT',
135 verbose headers   'x-cache-hits': '1',
135 verbose headers   'x-timer': 'S1508771526.784551,VS0,VE47',
135 verbose headers   vary: 'Accept-Encoding, Accept' }
136 silly get cb [ 304,
136 silly get   { date: 'Mon, 23 Oct 2017 15:12:05 GMT',
136 silly get     via: '1.1 varnish',
136 silly get     'cache-control': 'max-age=300',
136 silly get     etag: 'W/"58e7a5df-76d5"',
136 silly get     age: '0',
136 silly get     connection: 'keep-alive',
136 silly get     'x-served-by': 'cache-dfw18626-DFW',
136 silly get     'x-cache': 'HIT',
136 silly get     'x-cache-hits': '1',
136 silly get     'x-timer': 'S1508771526.784551,VS0,VE47',
136 silly get     vary: 'Accept-Encoding, Accept' } ]
137 verbose etag https://registry.npmjs.org/angular-simple-logger from cache
138 verbose get saving angular-simple-logger to C:\Users\Sean\AppData\Roaming\npm-cache\registry.npmjs.org\angular-simple-logger\.cache.json
139 verbose correctMkdir C:\Users\Sean\AppData\Roaming\npm-cache correctMkdir not in flight; initializing
140 silly resolveWithNewModule angular-simple-logger@0.1.7 checking installable status
141 silly cache add args [ 'angular-simple-logger@>=0.0.1', null ]
142 verbose cache add spec angular-simple-logger@>=0.0.1
143 silly cache add parsed spec Result {
143 silly cache add   raw: 'angular-simple-logger@>=0.0.1',
143 silly cache add   scope: null,
143 silly cache add   escapedName: 'angular-simple-logger',
143 silly cache add   name: 'angular-simple-logger',
143 silly cache add   rawSpec: '>=0.0.1',
143 silly cache add   spec: '>=0.0.1',
143 silly cache add   type: 'range' }
144 silly addNamed angular-simple-logger@>=0.0.1
145 verbose addNamed ">=0.0.1" is a valid semver range for angular-simple-logger
146 silly addNameRange { name: 'angular-simple-logger',
146 silly addNameRange   range: '>=0.0.1',
146 silly addNameRange   hasData: false }
147 silly mapToRegistry name angular-simple-logger
148 silly mapToRegistry using default registry
149 silly mapToRegistry registry https://registry.npmjs.org/
150 silly mapToRegistry data Result {
150 silly mapToRegistry   raw: 'angular-simple-logger',
150 silly mapToRegistry   scope: null,
150 silly mapToRegistry   escapedName: 'angular-simple-logger',
150 silly mapToRegistry   name: 'angular-simple-logger',
150 silly mapToRegistry   rawSpec: '',
150 silly mapToRegistry   spec: 'latest',
150 silly mapToRegistry   type: 'tag' }
151 silly mapToRegistry uri https://registry.npmjs.org/angular-simple-logger
152 verbose addNameRange registry:https://registry.npmjs.org/angular-simple-logger not in flight; fetching
153 verbose get https://registry.npmjs.org/angular-simple-logger not expired, no request
154 silly addNameRange number 2 { name: 'angular-simple-logger',
154 silly addNameRange   range: '>=0.0.1',
154 silly addNameRange   hasData: true }
155 silly addNameRange versions [ 'angular-simple-logger',
155 silly addNameRange   [ '0.0.1',
155 silly addNameRange     '0.0.2',
155 silly addNameRange     '0.0.3',
155 silly addNameRange     '0.0.4',
155 silly addNameRange     '0.1.0',
155 silly addNameRange     '0.1.1',
155 silly addNameRange     '0.1.2',
155 silly addNameRange     '0.1.3',
155 silly addNameRange     '0.1.4',
155 silly addNameRange     '0.1.5',
155 silly addNameRange     '0.1.6',
155 silly addNameRange     '0.1.7' ] ]
156 silly addNamed angular-simple-logger@0.1.7
157 verbose addNamed "0.1.7" is a plain semver version for angular-simple-logger
158 silly cache afterAdd angular-simple-logger@0.1.7
159 verbose afterAdd C:\Users\Sean\AppData\Roaming\npm-cache\angular-simple-logger\0.1.7\package\package.json not in flight; writing
160 verbose correctMkdir C:\Users\Sean\AppData\Roaming\npm-cache correctMkdir not in flight; initializing
161 verbose afterAdd C:\Users\Sean\AppData\Roaming\npm-cache\angular-simple-logger\0.1.7\package\package.json written
162 http 304 https://registry.npmjs.org/markerclustererplus
163 verbose headers { date: 'Mon, 23 Oct 2017 15:12:05 GMT',
163 verbose headers   via: '1.1 varnish',
163 verbose headers   'cache-control': 'max-age=300',
163 verbose headers   etag: 'W/"551c1041-1757"',
163 verbose headers   age: '172',
163 verbose headers   connection: 'keep-alive',
163 verbose headers   'x-served-by': 'cache-dfw18628-DFW',
163 verbose headers   'x-cache': 'HIT',
163 verbose headers   'x-cache-hits': '1',
163 verbose headers   'x-timer': 'S1508771526.873191,VS0,VE0',
163 verbose headers   vary: 'Accept-Encoding, Accept' }
164 silly get cb [ 304,
164 silly get   { date: 'Mon, 23 Oct 2017 15:12:05 GMT',
164 silly get     via: '1.1 varnish',
164 silly get     'cache-control': 'max-age=300',
164 silly get     etag: 'W/"551c1041-1757"',
164 silly get     age: '172',
164 silly get     connection: 'keep-alive',
164 silly get     'x-served-by': 'cache-dfw18628-DFW',
164 silly get     'x-cache': 'HIT',
164 silly get     'x-cache-hits': '1',
164 silly get     'x-timer': 'S1508771526.873191,VS0,VE0',
164 silly get     vary: 'Accept-Encoding, Accept' } ]
165 verbose etag https://registry.npmjs.org/markerclustererplus from cache
166 verbose get saving markerclustererplus to C:\Users\Sean\AppData\Roaming\npm-cache\registry.npmjs.org\markerclustererplus\.cache.json
167 verbose correctMkdir C:\Users\Sean\AppData\Roaming\npm-cache correctMkdir not in flight; initializing
168 silly resolveWithNewModule markerclustererplus@2.1.4 checking installable status
169 silly cache add args [ 'markerclustererplus@2.1.4', null ]
170 verbose cache add spec markerclustererplus@2.1.4
171 silly cache add parsed spec Result {
171 silly cache add   raw: 'markerclustererplus@2.1.4',
171 silly cache add   scope: null,
171 silly cache add   escapedName: 'markerclustererplus',
171 silly cache add   name: 'markerclustererplus',
171 silly cache add   rawSpec: '2.1.4',
171 silly cache add   spec: '2.1.4',
171 silly cache add   type: 'version' }
172 silly addNamed markerclustererplus@2.1.4
173 verbose addNamed "2.1.4" is a plain semver version for markerclustererplus
174 silly mapToRegistry name markerclustererplus
175 silly mapToRegistry using default registry
176 silly mapToRegistry registry https://registry.npmjs.org/
177 silly mapToRegistry data Result {
177 silly mapToRegistry   raw: 'markerclustererplus',
177 silly mapToRegistry   scope: null,
177 silly mapToRegistry   escapedName: 'markerclustererplus',
177 silly mapToRegistry   name: 'markerclustererplus',
177 silly mapToRegistry   rawSpec: '',
177 silly mapToRegistry   spec: 'latest',
177 silly mapToRegistry   type: 'tag' }
178 silly mapToRegistry uri https://registry.npmjs.org/markerclustererplus
179 verbose addNameVersion registry:https://registry.npmjs.org/markerclustererplus not in flight; fetching
180 verbose get https://registry.npmjs.org/markerclustererplus not expired, no request
181 silly cache afterAdd markerclustererplus@2.1.4
182 verbose afterAdd C:\Users\Sean\AppData\Roaming\npm-cache\markerclustererplus\2.1.4\package\package.json not in flight; writing
183 verbose correctMkdir C:\Users\Sean\AppData\Roaming\npm-cache correctMkdir not in flight; initializing
184 verbose afterAdd C:\Users\Sean\AppData\Roaming\npm-cache\markerclustererplus\2.1.4\package\package.json written
185 http 304 https://registry.npmjs.org/google-maps-utility-library-v3-keydragzoom
186 verbose headers { date: 'Mon, 23 Oct 2017 15:12:05 GMT',
186 verbose headers   via: '1.1 varnish',
186 verbose headers   'cache-control': 'max-age=300',
186 verbose headers   etag: 'W/"573616be-f7b"',
186 verbose headers   age: '0',
186 verbose headers   connection: 'keep-alive',
186 verbose headers   'x-served-by': 'cache-dfw18631-DFW',
186 verbose headers   'x-cache': 'HIT',
186 verbose headers   'x-cache-hits': '1',
186 verbose headers   'x-timer': 'S1508771526.853578,VS0,VE51',
186 verbose headers   vary: 'Accept-Encoding, Accept' }
187 silly get cb [ 304,
187 silly get   { date: 'Mon, 23 Oct 2017 15:12:05 GMT',
187 silly get     via: '1.1 varnish',
187 silly get     'cache-control': 'max-age=300',
187 silly get     etag: 'W/"573616be-f7b"',
187 silly get     age: '0',
187 silly get     connection: 'keep-alive',
187 silly get     'x-served-by': 'cache-dfw18631-DFW',
187 silly get     'x-cache': 'HIT',
187 silly get     'x-cache-hits': '1',
187 silly get     'x-timer': 'S1508771526.853578,VS0,VE51',
187 silly get     vary: 'Accept-Encoding, Accept' } ]
188 verbose etag https://registry.npmjs.org/google-maps-utility-library-v3-keydragzoom from cache
189 verbose get saving google-maps-utility-library-v3-keydragzoom to C:\Users\Sean\AppData\Roaming\npm-cache\registry.npmjs.org\google-maps-utility-library-v3-keydragzoom\.cache.json
190 verbose correctMkdir C:\Users\Sean\AppData\Roaming\npm-cache correctMkdir not in flight; initializing
191 silly resolveWithNewModule google-maps-utility-library-v3-keydragzoom@2.0.9 checking installable status
192 silly cache add args [ 'google-maps-utility-library-v3-keydragzoom@2.0.9', null ]
193 verbose cache add spec google-maps-utility-library-v3-keydragzoom@2.0.9
194 silly cache add parsed spec Result {
194 silly cache add   raw: 'google-maps-utility-library-v3-keydragzoom@2.0.9',
194 silly cache add   scope: null,
194 silly cache add   escapedName: 'google-maps-utility-library-v3-keydragzoom',
194 silly cache add   name: 'google-maps-utility-library-v3-keydragzoom',
194 silly cache add   rawSpec: '2.0.9',
194 silly cache add   spec: '2.0.9',
194 silly cache add   type: 'version' }
195 silly addNamed google-maps-utility-library-v3-keydragzoom@2.0.9
196 verbose addNamed "2.0.9" is a plain semver version for google-maps-utility-library-v3-keydragzoom
197 silly mapToRegistry name google-maps-utility-library-v3-keydragzoom
198 silly mapToRegistry using default registry
199 silly mapToRegistry registry https://registry.npmjs.org/
200 silly mapToRegistry data Result {
200 silly mapToRegistry   raw: 'google-maps-utility-library-v3-keydragzoom',
200 silly mapToRegistry   scope: null,
200 silly mapToRegistry   escapedName: 'google-maps-utility-library-v3-keydragzoom',
200 silly mapToRegistry   name: 'google-maps-utility-library-v3-keydragzoom',
200 silly mapToRegistry   rawSpec: '',
200 silly mapToRegistry   spec: 'latest',
200 silly mapToRegistry   type: 'tag' }
201 silly mapToRegistry uri https://registry.npmjs.org/google-maps-utility-library-v3-keydragzoom
202 verbose addNameVersion registry:https://registry.npmjs.org/google-maps-utility-library-v3-keydragzoom not in flight; fetching
203 verbose get https://registry.npmjs.org/google-maps-utility-library-v3-keydragzoom not expired, no request
204 silly cache afterAdd google-maps-utility-library-v3-keydragzoom@2.0.9
205 verbose afterAdd C:\Users\Sean\AppData\Roaming\npm-cache\google-maps-utility-library-v3-keydragzoom\2.0.9\package\package.json not in flight; writing
206 verbose correctMkdir C:\Users\Sean\AppData\Roaming\npm-cache correctMkdir not in flight; initializing
207 verbose afterAdd C:\Users\Sean\AppData\Roaming\npm-cache\google-maps-utility-library-v3-keydragzoom\2.0.9\package\package.json written
208 http 304 https://registry.npmjs.org/google-maps-utility-library-v3-infobox
209 verbose headers { date: 'Mon, 23 Oct 2017 15:12:05 GMT',
209 verbose headers   via: '1.1 varnish',
209 verbose headers   'cache-control': 'max-age=300',
209 verbose headers   etag: 'W/"592b16b4-1777"',
209 verbose headers   age: '0',
209 verbose headers   connection: 'keep-alive',
209 verbose headers   'x-served-by': 'cache-dfw18650-DFW',
209 verbose headers   'x-cache': 'HIT',
209 verbose headers   'x-cache-hits': '1',
209 verbose headers   'x-timer': 'S1508771526.862251,VS0,VE191',
209 verbose headers   vary: 'Accept-Encoding, Accept' }
210 silly get cb [ 304,
210 silly get   { date: 'Mon, 23 Oct 2017 15:12:05 GMT',
210 silly get     via: '1.1 varnish',
210 silly get     'cache-control': 'max-age=300',
210 silly get     etag: 'W/"592b16b4-1777"',
210 silly get     age: '0',
210 silly get     connection: 'keep-alive',
210 silly get     'x-served-by': 'cache-dfw18650-DFW',
210 silly get     'x-cache': 'HIT',
210 silly get     'x-cache-hits': '1',
210 silly get     'x-timer': 'S1508771526.862251,VS0,VE191',
210 silly get     vary: 'Accept-Encoding, Accept' } ]
211 verbose etag https://registry.npmjs.org/google-maps-utility-library-v3-infobox from cache
212 verbose get saving google-maps-utility-library-v3-infobox to C:\Users\Sean\AppData\Roaming\npm-cache\registry.npmjs.org\google-maps-utility-library-v3-infobox\.cache.json
213 verbose correctMkdir C:\Users\Sean\AppData\Roaming\npm-cache correctMkdir not in flight; initializing
214 silly resolveWithNewModule google-maps-utility-library-v3-infobox@1.1.14 checking installable status
215 silly cache add args [ 'google-maps-utility-library-v3-infobox@1.1.14', null ]
216 verbose cache add spec google-maps-utility-library-v3-infobox@1.1.14
217 silly cache add parsed spec Result {
217 silly cache add   raw: 'google-maps-utility-library-v3-infobox@1.1.14',
217 silly cache add   scope: null,
217 silly cache add   escapedName: 'google-maps-utility-library-v3-infobox',
217 silly cache add   name: 'google-maps-utility-library-v3-infobox',
217 silly cache add   rawSpec: '1.1.14',
217 silly cache add   spec: '1.1.14',
217 silly cache add   type: 'version' }
218 silly addNamed google-maps-utility-library-v3-infobox@1.1.14
219 verbose addNamed "1.1.14" is a plain semver version for google-maps-utility-library-v3-infobox
220 silly mapToRegistry name google-maps-utility-library-v3-infobox
221 silly mapToRegistry using default registry
222 silly mapToRegistry registry https://registry.npmjs.org/
223 silly mapToRegistry data Result {
223 silly mapToRegistry   raw: 'google-maps-utility-library-v3-infobox',
223 silly mapToRegistry   scope: null,
223 silly mapToRegistry   escapedName: 'google-maps-utility-library-v3-infobox',
223 silly mapToRegistry   name: 'google-maps-utility-library-v3-infobox',
223 silly mapToRegistry   rawSpec: '',
223 silly mapToRegistry   spec: 'latest',
223 silly mapToRegistry   type: 'tag' }
224 silly mapToRegistry uri https://registry.npmjs.org/google-maps-utility-library-v3-infobox
225 verbose addNameVersion registry:https://registry.npmjs.org/google-maps-utility-library-v3-infobox not in flight; fetching
226 verbose get https://registry.npmjs.org/google-maps-utility-library-v3-infobox not expired, no request
227 silly cache afterAdd google-maps-utility-library-v3-infobox@1.1.14
228 verbose afterAdd C:\Users\Sean\AppData\Roaming\npm-cache\google-maps-utility-library-v3-infobox\1.1.14\package\package.json not in flight; writing
229 verbose correctMkdir C:\Users\Sean\AppData\Roaming\npm-cache correctMkdir not in flight; initializing
230 verbose afterAdd C:\Users\Sean\AppData\Roaming\npm-cache\google-maps-utility-library-v3-infobox\1.1.14\package\package.json written
231 error git fetch -a origin (git://github.com/nmccready/google-maps-utility-library-v3-markerwithlabel.git) fatal: unable to connect to github.com:
231 error git fetch -a origin (git://github.com/nmccready/google-maps-utility-library-v3-markerwithlabel.git) github.com[0: 192.30.253.112]: errno=No such file or directory
231 error git fetch -a origin (git://github.com/nmccready/google-maps-utility-library-v3-markerwithlabel.git) github.com[1: 192.30.253.113]: errno=No such file or directory
232 silly fetchPackageMetaData Error: Command failed: git -c core.longpaths=true fetch -a origin
232 silly fetchPackageMetaData fatal: unable to connect to github.com:
232 silly fetchPackageMetaData github.com[0: 192.30.253.112]: errno=No such file or directory
232 silly fetchPackageMetaData github.com[1: 192.30.253.113]: errno=No such file or directory
232 silly fetchPackageMetaData
232 silly fetchPackageMetaData
232 silly fetchPackageMetaData     at ChildProcess.exithandler (child_process.js:198:12)
232 silly fetchPackageMetaData     at emitTwo (events.js:106:13)
232 silly fetchPackageMetaData     at ChildProcess.emit (events.js:191:7)
232 silly fetchPackageMetaData     at maybeClose (internal/child_process.js:920:16)
232 silly fetchPackageMetaData     at Socket.<anonymous> (internal/child_process.js:351:11)
232 silly fetchPackageMetaData     at emitOne (events.js:96:13)
232 silly fetchPackageMetaData     at Socket.emit (events.js:188:7)
232 silly fetchPackageMetaData     at Pipe._handle.close [as _onclose] (net.js:497:12)
232 silly fetchPackageMetaData  error for google-maps-utility-library-v3-markerwithlabel@git://github.com/nmccready/google-maps-utility-library-v3-markerwithlabel.git { Error: Command failed: git -c core.longpaths=true fetch -a origin
232 silly fetchPackageMetaData fatal: unable to connect to github.com:
232 silly fetchPackageMetaData github.com[0: 192.30.253.112]: errno=No such file or directory
232 silly fetchPackageMetaData github.com[1: 192.30.253.113]: errno=No such file or directory
232 silly fetchPackageMetaData
232 silly fetchPackageMetaData
232 silly fetchPackageMetaData     at ChildProcess.exithandler (child_process.js:198:12)
232 silly fetchPackageMetaData     at emitTwo (events.js:106:13)
232 silly fetchPackageMetaData     at ChildProcess.emit (events.js:191:7)
232 silly fetchPackageMetaData     at maybeClose (internal/child_process.js:920:16)
232 silly fetchPackageMetaData     at Socket.<anonymous> (internal/child_process.js:351:11)
232 silly fetchPackageMetaData     at emitOne (events.js:96:13)
232 silly fetchPackageMetaData     at Socket.emit (events.js:188:7)
232 silly fetchPackageMetaData     at Pipe._handle.close [as _onclose] (net.js:497:12)
232 silly fetchPackageMetaData   killed: false,
232 silly fetchPackageMetaData   code: 128,
232 silly fetchPackageMetaData   signal: null,
232 silly fetchPackageMetaData   cmd: 'git -c core.longpaths=true fetch -a origin' }
233 error git fetch -a origin (git://github.com/MikaFima/js-rich-marker.git) fatal: unable to connect to github.com:
233 error git fetch -a origin (git://github.com/MikaFima/js-rich-marker.git) github.com[0: 192.30.253.112]: errno=No such file or directory
233 error git fetch -a origin (git://github.com/MikaFima/js-rich-marker.git) github.com[1: 192.30.253.113]: errno=No such file or directory
234 silly fetchPackageMetaData Error: Command failed: git -c core.longpaths=true fetch -a origin
234 silly fetchPackageMetaData fatal: unable to connect to github.com:
234 silly fetchPackageMetaData github.com[0: 192.30.253.112]: errno=No such file or directory
234 silly fetchPackageMetaData github.com[1: 192.30.253.113]: errno=No such file or directory
234 silly fetchPackageMetaData
234 silly fetchPackageMetaData
234 silly fetchPackageMetaData     at ChildProcess.exithandler (child_process.js:198:12)
234 silly fetchPackageMetaData     at emitTwo (events.js:106:13)
234 silly fetchPackageMetaData     at ChildProcess.emit (events.js:191:7)
234 silly fetchPackageMetaData     at maybeClose (internal/child_process.js:920:16)
234 silly fetchPackageMetaData     at Socket.<anonymous> (internal/child_process.js:351:11)
234 silly fetchPackageMetaData     at emitOne (events.js:96:13)
234 silly fetchPackageMetaData     at Socket.emit (events.js:188:7)
234 silly fetchPackageMetaData     at Pipe._handle.close [as _onclose] (net.js:497:12)
234 silly fetchPackageMetaData  error for js-rich-marker@git://github.com/MikaFima/js-rich-marker.git#0383f4bbdad4ddf154772fedbdd27e464600e943 { Error: Command failed: git -c core.longpaths=true fetch -a origin
234 silly fetchPackageMetaData fatal: unable to connect to github.com:
234 silly fetchPackageMetaData github.com[0: 192.30.253.112]: errno=No such file or directory
234 silly fetchPackageMetaData github.com[1: 192.30.253.113]: errno=No such file or directory
234 silly fetchPackageMetaData
234 silly fetchPackageMetaData
234 silly fetchPackageMetaData     at ChildProcess.exithandler (child_process.js:198:12)
234 silly fetchPackageMetaData     at emitTwo (events.js:106:13)
234 silly fetchPackageMetaData     at ChildProcess.emit (events.js:191:7)
234 silly fetchPackageMetaData     at maybeClose (internal/child_process.js:920:16)
234 silly fetchPackageMetaData     at Socket.<anonymous> (internal/child_process.js:351:11)
234 silly fetchPackageMetaData     at emitOne (events.js:96:13)
234 silly fetchPackageMetaData     at Socket.emit (events.js:188:7)
234 silly fetchPackageMetaData     at Pipe._handle.close [as _onclose] (net.js:497:12)
234 silly fetchPackageMetaData   killed: false,
234 silly fetchPackageMetaData   code: 128,
234 silly fetchPackageMetaData   signal: null,
234 silly fetchPackageMetaData   cmd: 'git -c core.longpaths=true fetch -a origin' }
235 silly rollbackFailedOptional Starting
236 silly rollbackFailedOptional Finishing
237 silly runTopLevelLifecycles Finishing
238 silly install printInstalled
239 verbose stack Error: Command failed: git -c core.longpaths=true fetch -a origin
239 verbose stack fatal: unable to connect to github.com:
239 verbose stack github.com[0: 192.30.253.112]: errno=No such file or directory
239 verbose stack github.com[1: 192.30.253.113]: errno=No such file or directory
239 verbose stack
239 verbose stack
239 verbose stack     at ChildProcess.exithandler (child_process.js:198:12)
239 verbose stack     at emitTwo (events.js:106:13)
239 verbose stack     at ChildProcess.emit (events.js:191:7)
239 verbose stack     at maybeClose (internal/child_process.js:920:16)
239 verbose stack     at Socket.<anonymous> (internal/child_process.js:351:11)
239 verbose stack     at emitOne (events.js:96:13)
239 verbose stack     at Socket.emit (events.js:188:7)
239 verbose stack     at Pipe._handle.close [as _onclose] (net.js:497:12)
240 verbose cwd C:\Users\Sean\workspace\SCI-Final-Project
241 error Windows_NT 10.0.15063
242 error argv "C:\\Program Files\\nodejs\\node.exe" "C:\\Program Files\\nodejs\\node_modules\\npm\\bin\\npm-cli.js" "i" "--save" "angular-google-maps"
243 error node v6.11.4
244 error npm  v3.10.10
245 error code 128
246 error Command failed: git -c core.longpaths=true fetch -a origin
246 error fatal: unable to connect to github.com:
246 error github.com[0: 192.30.253.112]: errno=No such file or directory
246 error github.com[1: 192.30.253.113]: errno=No such file or directory
247 error If you need help, you may report this error at:
247 error     <https://github.com/npm/npm/issues>
248 verbose exit [ 1, true ]
